limehd/proguard.cfg
-injars      bin/classes
-injars      libs
-outjars     bin/classes-processed.jar
-libraryjars c:/users/Art Hung/android-sdks/platforms/android-15/android.jar

-dontpreverify
-repackageclasses ''
-allowaccessmodification
-optimizations !code/simplification/arithmetic
-keepattributes *Annotation*

-keep public class com.google.android.gms.**
-keep public class * extends android.app.Activity
-keep public class * extends android.app.Application
-keep public class * extends android.app.Service
-keep public class * extends android.content.BroadcastReceiver
-keep public class * extends android.content.ContentProvider

-keep public class * extends android.view.View {
    public <init>(android.content.Context);
    public <init>(android.content.Context, android.util.AttributeSet);
    public <init>(android.content.Context, android.util.AttributeSet, int);
    public void set*(...);
}

-keepclasseswithmembers class * {
    public <init>(android.content.Context, android.util.AttributeSet);
}

-keepclasseswithmembers class * {
    public <init>(android.content.Context, android.util.AttributeSet, int);
}

-keepclassmembers class * implements android.os.Parcelable {
    static android.os.Parcelable$Creator CREATOR;
}

-keepclassmembers class **.R$* {
    public static <fields>;
}

-keepclassmembers class * {  
	@com.google.api.client.util.Key <fields>;
}
-keepattributes Signature,RuntimeVisibleAnnotations,AnnotationDefault
-dontwarn sun.misc.Unsafe
-dontwarn com.google.common.collect.MinMaxPriorityQueue
-dontwarn org.apache.harmony.awt.**
-dontwarn com.sun.mail.imap.protocol.**
-dontwarn com.google.gdata.data.apt.**
-dontwarn com.google.gdata.data.media.**
-dontwarn javax.activation.CommandInfo