limehd/proguard/mapping.txt
net.toload.main.hd.LIMEBackupAgent -> net.toload.main.hd.LIMEBackupAgent:
    void onCreate() -> onCreate
    void onBackup(android.os.ParcelFileDescriptor,android.app.backup.BackupDataOutput,android.os.ParcelFileDescriptor) -> onBackup
    void onRestore(android.app.backup.BackupDataInput,int,android.os.ParcelFileDescriptor) -> onRestore
net.toload.main.hd.LIMEKeyboardSwitcher -> net.toload.main.hd.a:
    net.toload.main.hd.keyboard.LIMEKeyboardView mInputView -> a
    net.toload.main.hd.LIMEService mContext -> b
    java.util.Map mKeyboards -> c
    int mMode -> d
    int mImeOptions -> e
    int mTextMode -> f
    net.toload.main.hd.global.LIMEPreferenceManager mLIMEPref -> g
    boolean mIsShifted -> h
    boolean mIsSymbols -> i
    boolean mIsChinese -> j
    boolean mIsAlphabet -> k
    boolean mPreferSymbols -> l
    int mSymbolsModeState -> m
    int mLastDisplayWidth -> n
    java.lang.String imtype -> o
    java.util.HashMap kbHm -> p
    java.util.HashMap imHm -> q
    java.util.List mActiveKeyboardCodes -> r
    java.util.List mActiveKeyboardShortnames -> s
    float mKeySizeScale -> t
    int getKeyboardSize() -> a
    void setKeyboardList(java.util.List) -> a
    java.lang.String getImKeyboard(java.lang.String) -> a
    void setImList(java.util.List) -> b
    void setActiveKeyboardList$70d861b8(java.util.List,java.util.List) -> a
    java.lang.String getCurrentActiveKeyboardShortname() -> b
    java.lang.String getNextActiveKeyboardShortname() -> c
    java.lang.String getPrevActiveKeyboardShortname() -> d
    void makeKeyboards(boolean) -> a
    int getKeyboardXMLID(java.lang.String) -> b
    void setKeyboardMode(java.lang.String,int,int,boolean,boolean,boolean) -> a
    boolean isAlphabetMode() -> e
    void toggleShift() -> f
    void toggleChinese() -> g
net.toload.main.hd.LIMEKeyboardSwitcher$KeyboardId -> net.toload.main.hd.b:
    int mXml -> a
    int mMode -> b
    boolean mEnableShiftLock -> c
    boolean equals(java.lang.Object) -> equals
    int hashCode() -> hashCode
net.toload.main.hd.LIMEMenu -> net.toload.main.hd.LIMEMenu:
    net.toload.main.hd.global.LIMEPreferenceManager mLIMEPref -> a
    java.lang.String TAG -> b
    boolean DEBUG -> c
    void onCreate(android.os.Bundle) -> onCreate
    boolean onCreateOptionsMenu(android.view.Menu) -> onCreateOptionsMenu
    boolean onOptionsItemSelected(android.view.MenuItem) -> onOptionsItemSelected
net.toload.main.hd.LIMEMenu$1 -> net.toload.main.hd.c:
    net.toload.main.hd.LIMEMenu this$0 -> a
    boolean val$dbFileNotExists -> b
    android.widget.TabHost val$tabHost -> c
    void onClick(android.content.DialogInterface,int) -> onClick
net.toload.main.hd.LIMEMenu$2 -> net.toload.main.hd.d:
    net.toload.main.hd.LIMEMenu this$0 -> a
    void onClick(android.content.DialogInterface,int) -> onClick
net.toload.main.hd.LIMEMenu$3 -> net.toload.main.hd.e:
    net.toload.main.hd.LIMEMenu this$0 -> a
    void onClick(android.content.DialogInterface,int) -> onClick
net.toload.main.hd.LIMEMenu$4 -> net.toload.main.hd.f:
    net.toload.main.hd.LIMEMenu this$0 -> a
    void onClick(android.content.DialogInterface,int) -> onClick
...
android.support.v4.app.FragmentActivity -> android.support.v4.app.FragmentActivity:
    android.os.Handler mHandler -> a
    android.support.v4.app.FragmentManagerImpl mFragments -> b
    boolean mCreated -> c
    boolean mResumed -> d
    boolean mStopped -> e
    boolean mReallyStopped -> f
    boolean mRetaining -> g
    boolean mOptionsMenuInvalidated -> h
    boolean mCheckedForLoaderManager -> i
    boolean mLoadersStarted -> j
    android.support.v4.app.HCSparseArray mAllLoaderManagers -> k
    android.support.v4.app.LoaderManagerImpl mLoaderManager -> l
    void onActivityResult(int,int,android.content.Intent) -> onActivityResult
    void onBackPressed() -> onBackPressed
    void onConfigurationChanged(android.content.res.Configuration) -> onConfigurationChanged
    void onCreate(android.os.Bundle) -> onCreate
    boolean onCreatePanelMenu(int,android.view.Menu) -> onCreatePanelMenu
    android.view.View onCreateView(java.lang.String,android.content.Context,android.util.AttributeSet) -> onCreateView
    void onDestroy() -> onDestroy
    boolean onKeyDown(int,android.view.KeyEvent) -> onKeyDown
    void onLowMemory() -> onLowMemory
    boolean onMenuItemSelected(int,android.view.MenuItem) -> onMenuItemSelected
    void onPanelClosed(int,android.view.Menu) -> onPanelClosed
    void onPause() -> onPause
    void onResume() -> onResume
    void onPostResume() -> onPostResume
android.support.v4.app.FragmentActivity$1 -> android.support.v4.app.f:
    android.support.v4.app.FragmentActivity this$0 -> a
    void handleMessage(android.os.Message) -> handleMessage
android.support.v4.app.FragmentActivity$FragmentTag -> android.support.v4.app.g:
    int[] Fragment -> a
android.support.v4.app.FragmentActivity$NonConfigurationInstances -> android.support.v4.app.h:
    java.lang.Object activity -> a
    java.lang.Object custom -> b
    java.util.HashMap children -> c
    java.util.ArrayList fragments -> d
    android.support.v4.app.HCSparseArray loaders -> e
android.support.v4.app.FragmentManager -> android.support.v4.app.i:
android.support.v4.app.FragmentManagerImpl -> android.support.v4.app.j:
    boolean DEBUG -> a
    boolean HONEYCOMB -> b
    java.util.ArrayList mPendingActions -> c
    java.lang.Runnable[] mTmpActions -> d
    boolean mExecutingActions -> e
    java.util.ArrayList mActive -> f
    java.util.ArrayList mAdded -> g
    java.util.ArrayList mAvailIndices -> h
    java.util.ArrayList mBackStack -> i
    java.util.ArrayList mCreatedMenus -> j
    java.util.ArrayList mBackStackIndices -> k
    java.util.ArrayList mAvailBackStackIndices -> l
    java.util.ArrayList mBackStackChangeListeners -> m
    int mCurState -> n
    android.support.v4.app.FragmentActivity mActivity -> o
    boolean mNeedMenuInvalidate -> p
    boolean mStateSaved -> q
    boolean mDestroyed -> r
    java.lang.String mNoTransactionsBecause -> s
    boolean mHavePendingDeferredStart -> t
    android.os.Bundle mStateBundle -> u
    android.util.SparseArray mStateArray -> v
    java.lang.Runnable mExecCommit -> w
    android.view.animation.Interpolator DECELERATE_QUINT -> x
    android.view.animation.Interpolator DECELERATE_CUBIC -> y
    android.view.animation.Interpolator ACCELERATE_QUINT -> z
    android.view.animation.Interpolator ACCELERATE_CUBIC -> A
    boolean popBackStackImmediate() -> a
    java.lang.String toString() -> toString
    void dump$ec96877(java.lang.String,java.io.FileDescriptor,java.io.PrintWriter) -> a
android.support.v4.app.FragmentManagerImpl$1 -> android.support.v4.app.k:
    android.support.v4.app.FragmentManagerImpl this$0 -> a
    void run() -> run